参照元
https://docs.djangoproject.com/ja/2.2/intro/tutorial01/

実行ログ
◆Python 、django のインストール確認・実行

C:\Users\Owner>python
Python 3.10.6 (tags/v3.10.6:9c7b4bd, Aug  1 2022, 21:53:49) [MSC v.1932 64 bit (AMD64)] on win32
Type "help", "copyright", "credits" or "license" for more information.
>>> exit()

C:\Users\Owner>python -m django
C:\Users\Owner\AppData\Local\Programs\Python\Python310\python.exe: No module named django

C:\Users\Owner>pip install Django
Collecting Django
  Downloading Django-4.1.1-py3-none-any.whl (8.1 MB)
     ---------------------------------------- 8.1/8.1 MB 27.2 MB/s eta 0:00:00
Collecting asgiref<4,>=3.5.2
  Downloading asgiref-3.5.2-py3-none-any.whl (22 kB)
Collecting tzdata
  Downloading tzdata-2022.2-py2.py3-none-any.whl (336 kB)
     ---------------------------------------- 336.4/336.4 kB 20.4 MB/s eta 0:00:00
Collecting sqlparse>=0.2.2
  Downloading sqlparse-0.4.3-py3-none-any.whl (42 kB)
     ---------------------------------------- 42.8/42.8 kB ? eta 0:00:00
Installing collected packages: tzdata, sqlparse, asgiref, Django
Successfully installed Django-4.1.1 asgiref-3.5.2 sqlparse-0.4.3 tzdata-2022.2

[notice] A new release of pip available: 22.2.1 -> 22.2.2
[notice] To update, run: python.exe -m pip install --upgrade pip

C:\Users\Owner>python -m django version
4.1.1

C:\Users\Owner>python
Python 3.10.6 (tags/v3.10.6:9c7b4bd, Aug  1 2022, 21:53:49) [MSC v.1932 64 bit (AMD64)] on win32
Type "help", "copyright", "credits" or "license" for more information.
>>> import django
>>> print(django.get_version())
4.1.1
>>> exit()

C:\Users\Owner>python -m django --version
4.1.1


◆プロジェクトを作成
C:\Users\Owner>django-admin startproject mysite

C:\Users\Owner>cd mysite

C:\Users\Owner\mysite>dir
 ドライブ C のボリューム ラベルがありません。
 ボリューム シリアル番号は 68EB-0391 です

 C:\Users\Owner\mysite のディレクトリ

2022/09/24  12:59    <DIR>          .
2022/09/24  12:59    <DIR>          ..
2022/09/24  12:59               684 manage.py
2022/09/24  12:59    <DIR>          mysite
               1 個のファイル                 684 バイト
               3 個のディレクトリ  21,810,212,864 バイトの空き領域

C:\Users\Owner\mysite>cd mysite

C:\Users\Owner\mysite\mysite>dir
 ドライブ C のボリューム ラベルがありません。
 ボリューム シリアル番号は 68EB-0391 です

 C:\Users\Owner\mysite\mysite のディレクトリ

2022/09/24  12:59    <DIR>          .
2022/09/24  12:59    <DIR>          ..
2022/09/24  12:59               405 asgi.py
2022/09/24  12:59             3,344 settings.py
2022/09/24  12:59               769 urls.py
2022/09/24  12:59               405 wsgi.py
2022/09/24  12:59                 0 __init__.py
               5 個のファイル               4,923 バイト
               2 個のディレクトリ  21,810,331,648 バイトの空き領域

C:\Users\Owner\mysite\mysite>


◆
